<?xml version="1.0" encoding="UTF-8" ?>
<testsuite tests="1" failures="0" name="edu.co.sena.ejemplo1.anotaciones.muchosamuchos.MuchosAMUchosTest1" time="8.482" errors="1" skipped="0">
  <properties>
    <property name="java.runtime.name" value="Java(TM) SE Runtime Environment"/>
    <property name="sun.boot.library.path" value="C:\Program Files (x86)\Java\jdk1.8.0_40\jre\bin"/>
    <property name="java.vm.version" value="25.40-b25"/>
    <property name="java.vm.vendor" value="Oracle Corporation"/>
    <property name="java.vendor.url" value="http://java.oracle.com/"/>
    <property name="path.separator" value=";"/>
    <property name="guice.disable.misplaced.annotation.check" value="true"/>
    <property name="java.vm.name" value="Java HotSpot(TM) Client VM"/>
    <property name="file.encoding.pkg" value="sun.io"/>
    <property name="user.script" value=""/>
    <property name="user.country" value="CO"/>
    <property name="sun.java.launcher" value="SUN_STANDARD"/>
    <property name="sun.os.patch.level" value=""/>
    <property name="test" value="edu.co.sena.ejemplo1.anotaciones.muchosamuchos.MuchosAMUchosTest1#insertar"/>
    <property name="java.vm.specification.name" value="Java Virtual Machine Specification"/>
    <property name="user.dir" value="D:\codigo\660678-G1-Trimestre6\java\JPA\EjemploJPA"/>
    <property name="java.runtime.version" value="1.8.0_40-b26"/>
    <property name="java.awt.graphicsenv" value="sun.awt.Win32GraphicsEnvironment"/>
    <property name="java.endorsed.dirs" value="C:\Program Files (x86)\Java\jdk1.8.0_40\jre\lib\endorsed"/>
    <property name="os.arch" value="x86"/>
    <property name="java.io.tmpdir" value="C:\Users\hernando\AppData\Local\Temp\"/>
    <property name="line.separator" value="
"/>
    <property name="java.vm.specification.vendor" value="Oracle Corporation"/>
    <property name="user.variant" value=""/>
    <property name="os.name" value="Windows 8.1"/>
    <property name="maven.ext.class.path" value="D:\Herramientas\netbeans\java\maven-nblib\netbeans-eventspy.jar"/>
    <property name="classworlds.conf" value="D:\Herramientas\maven\bin\m2.conf"/>
    <property name="sun.jnu.encoding" value="Cp1252"/>
    <property name="java.library.path" value="C:\Program Files (x86)\Java\jdk1.8.0_40\bin;C:\Windows\Sun\Java\bin;C:\Windows\system32;C:\Windows;C:\ProgramData\Oracle\Java\javapath;C:\oraclexe\app\oracle\product\11.2.0\server\bin;;C:\Program Files (x86)\NVIDIA Corporation\PhysX\Common;C:\Program Files (x86)\Intel\iCLS Client\;C:\Program Files\Intel\iCLS Client\;C:\Windows\system32;C:\Windows;C:\Windows\System32\Wbem;C:\Windows\System32\WindowsPowerShell\v1.0\;C:\Program Files\Intel\Intel(R) Management Engine Components\DAL;C:\Program Files\Intel\Intel(R) Management Engine Components\IPT;C:\Program Files (x86)\Intel\Intel(R) Management Engine Components\DAL;C:\Program Files (x86)\Intel\Intel(R) Management Engine Components\IPT;C:\Program Files (x86)\Java\jdk1.7.0_75/bin;C:\Program Files (x86)\Common Files\Tom Sawyer Software\8.0.0;."/>
    <property name="java.specification.name" value="Java Platform API Specification"/>
    <property name="java.class.version" value="52.0"/>
    <property name="sun.management.compiler" value="HotSpot Client Compiler"/>
    <property name="os.version" value="6.3"/>
    <property name="user.home" value="C:\Users\hernando"/>
    <property name="user.timezone" value="America/Bogota"/>
    <property name="java.awt.printerjob" value="sun.awt.windows.WPrinterJob"/>
    <property name="java.specification.version" value="1.8"/>
    <property name="file.encoding" value="UTF-8"/>
    <property name="java.net.useSystemProxies" value="true"/>
    <property name="user.name" value="hernando"/>
    <property name="java.class.path" value="D:\Herramientas\maven\boot\plexus-classworlds-2.5.1.jar"/>
    <property name="org.slf4j.simpleLogger.defaultLogLevel" value="info"/>
    <property name="java.vm.specification.version" value="1.8"/>
    <property name="sun.arch.data.model" value="32"/>
    <property name="java.home" value="C:\Program Files (x86)\Java\jdk1.8.0_40\jre"/>
    <property name="sun.java.command" value="org.codehaus.plexus.classworlds.launcher.Launcher -Dtest=edu.co.sena.ejemplo1.anotaciones.muchosamuchos.MuchosAMUchosTest1#insertar -Dmaven.ext.class.path=D:\Herramientas\netbeans\java\maven-nblib\netbeans-eventspy.jar -Dfile.encoding=UTF-8 -Djava.net.useSystemProxies=true surefire:test"/>
    <property name="java.specification.vendor" value="Oracle Corporation"/>
    <property name="user.language" value="es"/>
    <property name="awt.toolkit" value="sun.awt.windows.WToolkit"/>
    <property name="java.vm.info" value="mixed mode"/>
    <property name="java.version" value="1.8.0_40"/>
    <property name="java.ext.dirs" value="C:\Program Files (x86)\Java\jdk1.8.0_40\jre\lib\ext;C:\Windows\Sun\Java\lib\ext"/>
    <property name="sun.boot.class.path" value="C:\Program Files (x86)\Java\jdk1.8.0_40\jre\lib\resources.jar;C:\Program Files (x86)\Java\jdk1.8.0_40\jre\lib\rt.jar;C:\Program Files (x86)\Java\jdk1.8.0_40\jre\lib\sunrsasign.jar;C:\Program Files (x86)\Java\jdk1.8.0_40\jre\lib\jsse.jar;C:\Program Files (x86)\Java\jdk1.8.0_40\jre\lib\jce.jar;C:\Program Files (x86)\Java\jdk1.8.0_40\jre\lib\charsets.jar;C:\Program Files (x86)\Java\jdk1.8.0_40\jre\lib\jfr.jar;C:\Program Files (x86)\Java\jdk1.8.0_40\jre\classes"/>
    <property name="java.vendor" value="Oracle Corporation"/>
    <property name="maven.home" value="D:\Herramientas\maven"/>
    <property name="file.separator" value="\"/>
    <property name="java.vendor.url.bug" value="http://bugreport.sun.com/bugreport/"/>
    <property name="sun.cpu.endian" value="little"/>
    <property name="sun.io.unicode.encoding" value="UnicodeLittle"/>
    <property name="sun.desktop" value="windows"/>
    <property name="sun.cpu.isalist" value="pentium_pro+mmx pentium_pro pentium+mmx pentium i486 i386 i86"/>
  </properties>
  <testcase classname="edu.co.sena.ejemplo1.anotaciones.muchosamuchos.MuchosAMUchosTest1" name="insertar" time="8.482">
    <error message="Object: edu.co.sena.ejemplo1.anotaciones.muchosamuchos.Employee_1@17c3c3b is not a known entity type." type="java.lang.IllegalArgumentException">java.lang.IllegalArgumentException: Object: edu.co.sena.ejemplo1.anotaciones.muchosamuchos.Employee_1@17c3c3b is not a known entity type.
	at org.eclipse.persistence.internal.sessions.UnitOfWorkImpl.mergeCloneWithReferences(UnitOfWorkImpl.java:3510)
	at org.eclipse.persistence.internal.sessions.RepeatableWriteUnitOfWork.mergeCloneWithReferences(RepeatableWriteUnitOfWork.java:384)
	at org.eclipse.persistence.internal.sessions.UnitOfWorkImpl.mergeCloneWithReferences(UnitOfWorkImpl.java:3481)
	at org.eclipse.persistence.internal.jpa.EntityManagerImpl.mergeInternal(EntityManagerImpl.java:542)
	at org.eclipse.persistence.internal.jpa.EntityManagerImpl.merge(EntityManagerImpl.java:519)
	at edu.co.sena.ejemplo1.anotaciones.muchosamuchos.MuchosAMUchosTest1.insertar(MuchosAMUchosTest1.java:74)
	at sun.reflect.NativeMethodAccessorImpl.invoke0(Native Method)
	at sun.reflect.NativeMethodAccessorImpl.invoke(NativeMethodAccessorImpl.java:62)
	at sun.reflect.DelegatingMethodAccessorImpl.invoke(DelegatingMethodAccessorImpl.java:43)
	at java.lang.reflect.Method.invoke(Method.java:497)
	at org.junit.runners.model.FrameworkMethod$1.runReflectiveCall(FrameworkMethod.java:45)
	at org.junit.internal.runners.model.ReflectiveCallable.run(ReflectiveCallable.java:15)
	at org.junit.runners.model.FrameworkMethod.invokeExplosively(FrameworkMethod.java:42)
	at org.junit.internal.runners.statements.InvokeMethod.evaluate(InvokeMethod.java:20)
	at org.junit.internal.runners.statements.RunBefores.evaluate(RunBefores.java:28)
	at org.junit.internal.runners.statements.RunAfters.evaluate(RunAfters.java:30)
	at org.junit.runners.ParentRunner.runLeaf(ParentRunner.java:263)
	at org.junit.runners.BlockJUnit4ClassRunner.runChild(BlockJUnit4ClassRunner.java:68)
	at org.junit.runners.BlockJUnit4ClassRunner.runChild(BlockJUnit4ClassRunner.java:47)
	at org.junit.runners.ParentRunner$3.run(ParentRunner.java:231)
	at org.junit.runners.ParentRunner$1.schedule(ParentRunner.java:60)
	at org.junit.runners.ParentRunner.runChildren(ParentRunner.java:229)
	at org.junit.runners.ParentRunner.access$000(ParentRunner.java:50)
	at org.junit.runners.ParentRunner$2.evaluate(ParentRunner.java:222)
	at org.junit.internal.runners.statements.RunBefores.evaluate(RunBefores.java:28)
	at org.junit.internal.runners.statements.RunAfters.evaluate(RunAfters.java:30)
	at org.junit.runners.ParentRunner.run(ParentRunner.java:300)
	at org.apache.maven.surefire.junit4.JUnit4Provider.execute(JUnit4Provider.java:242)
	at org.apache.maven.surefire.junit4.JUnit4Provider.executeTestSet(JUnit4Provider.java:137)
	at org.apache.maven.surefire.junit4.JUnit4Provider.invoke(JUnit4Provider.java:112)
	at sun.reflect.NativeMethodAccessorImpl.invoke0(Native Method)
	at sun.reflect.NativeMethodAccessorImpl.invoke(NativeMethodAccessorImpl.java:62)
	at sun.reflect.DelegatingMethodAccessorImpl.invoke(DelegatingMethodAccessorImpl.java:43)
	at java.lang.reflect.Method.invoke(Method.java:497)
	at org.apache.maven.surefire.util.ReflectionUtils.invokeMethodWithArray(ReflectionUtils.java:189)
	at org.apache.maven.surefire.booter.ProviderFactory$ProviderProxy.invoke(ProviderFactory.java:165)
	at org.apache.maven.surefire.booter.ProviderFactory.invokeProvider(ProviderFactory.java:85)
	at org.apache.maven.surefire.booter.ForkedBooter.runSuitesInProcess(ForkedBooter.java:115)
	at org.apache.maven.surefire.booter.ForkedBooter.main(ForkedBooter.java:75)
</error>
    <system-out>[EL Info]: 2015-04-10 14:56:23.576--ServerSession(12910338)--EclipseLink, version: Eclipse Persistence Services - 2.5.2.v20140319-9ad6abd
[EL Info]: connection: 2015-04-10 14:56:23.826--ServerSession(12910338)--file:/D:/codigo/660678-G1-Trimestre6/java/JPA/EjemploJPA/target/classes/_edu.co.sena_EjemploJPA_jar_1.0-SNAPSHOTPU login successful
[EL Fine]: sql: 2015-04-10 14:56:23.857--ServerSession(12910338)--Connection(18640196)--ALTER TABLE ESTUDIANTE3 DROP FOREIGN KEY FK_ESTUDIANTE3_MATERIA
[EL Fine]: sql: 2015-04-10 14:56:23.951--ServerSession(12910338)--Connection(18640196)--ALTER TABLE ESTUDIANTE2 DROP FOREIGN KEY FK_ESTUDIANTE2_MATERIA
[EL Fine]: sql: 2015-04-10 14:56:24.014--ServerSession(12910338)--Connection(18640196)--ALTER TABLE EMPLOYEE_PROJECT DROP FOREIGN KEY FK_EMPLOYEE_PROJECT_employees_ID
[EL Fine]: sql: 2015-04-10 14:56:24.092--ServerSession(12910338)--Connection(18640196)--ALTER TABLE EMPLOYEE_PROJECT DROP FOREIGN KEY FK_EMPLOYEE_PROJECT_projects_ID
[EL Fine]: sql: 2015-04-10 14:56:24.154--ServerSession(12910338)--Connection(18640196)--DROP INDEX pruebaIndice ON ESTUDIANTE
[EL Fine]: sql: 2015-04-10 14:56:24.279--ServerSession(12910338)--Connection(18640196)--DROP TABLE ESTUDIANTE
[EL Fine]: sql: 2015-04-10 14:56:24.373--ServerSession(12910338)--Connection(18640196)--DROP TABLE MATERIA
[EL Fine]: sql: 2015-04-10 14:56:24.467--ServerSession(12910338)--Connection(18640196)--DROP TABLE ESTUDIANTE3
[EL Fine]: sql: 2015-04-10 14:56:24.639--ServerSession(12910338)--Connection(18640196)--DROP TABLE MATERIA3
[EL Fine]: sql: 2015-04-10 14:56:24.748--ServerSession(12910338)--Connection(18640196)--DROP TABLE ESTUDIANTE2
[EL Fine]: sql: 2015-04-10 14:56:24.811--ServerSession(12910338)--Connection(18640196)--DROP TABLE MATERIA2
[EL Fine]: sql: 2015-04-10 14:56:24.92--ServerSession(12910338)--Connection(18640196)--DROP INDEX pruebaIndice ON ESTUDIANTE1
[EL Fine]: sql: 2015-04-10 14:56:25.107--ServerSession(12910338)--Connection(18640196)--DROP TABLE ESTUDIANTE1
[EL Fine]: sql: 2015-04-10 14:56:25.232--ServerSession(12910338)--Connection(18640196)--DROP TABLE MATERIA1
[EL Fine]: sql: 2015-04-10 14:56:25.326--ServerSession(12910338)--Connection(18640196)--DROP TABLE EMPLOYEE
[EL Fine]: sql: 2015-04-10 14:56:25.436--ServerSession(12910338)--Connection(18640196)--DROP TABLE PROJECT
[EL Fine]: sql: 2015-04-10 14:56:25.576--ServerSession(12910338)--Connection(18640196)--DROP TABLE EMPLOYEE_PROJECT
[EL Fine]: sql: 2015-04-10 14:56:25.654--ServerSession(12910338)--Connection(18640196)--CREATE TABLE ESTUDIANTE (IDESTUDIANTE VARCHAR(45) NOT NULL, CORREO VARCHAR(200) NOT NULL, DIRECCION VARCHAR(100) NOT NULL, NOMBREESTUDIANTE VARCHAR(200) NOT NULL, TELEFONO VARCHAR(40) NOT NULL, PRIMARY KEY (IDESTUDIANTE))
[EL Fine]: sql: 2015-04-10 14:56:25.886--ServerSession(12910338)--Connection(18640196)--CREATE INDEX pruebaIndice ON ESTUDIANTE (NOMBREESTUDIANTE, IDESTUDIANTE)
[EL Fine]: sql: 2015-04-10 14:56:26.058--ServerSession(12910338)--Connection(18640196)--CREATE TABLE MATERIA (IDMATERIA VARCHAR(45) NOT NULL, DESCRIPCION VARCHAR(45) NOT NULL, NOMBRE VARCHAR(45) NOT NULL, PRIMARY KEY (IDMATERIA))
[EL Fine]: sql: 2015-04-10 14:56:26.323--ServerSession(12910338)--Connection(18640196)--CREATE TABLE ESTUDIANTE3 (IDESTUDIANTE VARCHAR(45) NOT NULL, CORREO VARCHAR(200) NOT NULL, DIRECCION VARCHAR(100) NOT NULL, NOMBREESTUDIANTE VARCHAR(200) NOT NULL, TELEFONO VARCHAR(40) NOT NULL, MATERIA VARCHAR(45), PRIMARY KEY (IDESTUDIANTE))
[EL Fine]: sql: 2015-04-10 14:56:26.526--ServerSession(12910338)--Connection(18640196)--CREATE TABLE MATERIA3 (IDMATERIA VARCHAR(45) NOT NULL, DESCRIPCION VARCHAR(45) NOT NULL, NOMBRE VARCHAR(45) NOT NULL, PRIMARY KEY (IDMATERIA))
[EL Fine]: sql: 2015-04-10 14:56:26.761--ServerSession(12910338)--Connection(18640196)--CREATE TABLE ESTUDIANTE2 (IDESTUDIANTE VARCHAR(45) NOT NULL, CORREO VARCHAR(200) NOT NULL, DIRECCION VARCHAR(100) NOT NULL, NOMBREESTUDIANTE VARCHAR(200) NOT NULL, TELEFONO VARCHAR(40) NOT NULL, MATERIA VARCHAR(45), PRIMARY KEY (IDESTUDIANTE))
[EL Fine]: sql: 2015-04-10 14:56:27.011--ServerSession(12910338)--Connection(18640196)--CREATE TABLE MATERIA2 (IDMATERIA VARCHAR(45) NOT NULL, DESCRIPCION VARCHAR(45) NOT NULL, NOMBRE VARCHAR(45) NOT NULL, PRIMARY KEY (IDMATERIA))
[EL Fine]: sql: 2015-04-10 14:56:27.214--ServerSession(12910338)--Connection(18640196)--CREATE TABLE ESTUDIANTE1 (IDESTUDIANTE VARCHAR(45) NOT NULL, CORREO VARCHAR(200) NOT NULL, DIRECCION VARCHAR(100) NOT NULL, IDMATERA VARCHAR(100) NOT NULL, NOMBREESTUDIANTE VARCHAR(200) NOT NULL, TELEFONO VARCHAR(40) NOT NULL, PRIMARY KEY (IDESTUDIANTE))
[EL Fine]: sql: 2015-04-10 14:56:27.464--ServerSession(12910338)--Connection(18640196)--CREATE INDEX pruebaIndice ON ESTUDIANTE1 (NOMBREESTUDIANTE, IDESTUDIANTE)
[EL Fine]: sql: 2015-04-10 14:56:27.667--ServerSession(12910338)--Connection(18640196)--CREATE TABLE MATERIA1 (IDMATERIA VARCHAR(45) NOT NULL, DESCRIPCION VARCHAR(45) NOT NULL, NOMBRE VARCHAR(45) NOT NULL, PRIMARY KEY (IDMATERIA))
[EL Fine]: sql: 2015-04-10 14:56:27.902--ServerSession(12910338)--Connection(18640196)--CREATE TABLE EMPLOYEE (ID BIGINT NOT NULL, NAME VARCHAR(255), PRIMARY KEY (ID))
[EL Fine]: sql: 2015-04-10 14:56:28.198--ServerSession(12910338)--Connection(18640196)--CREATE TABLE PROJECT (ID BIGINT NOT NULL, NAME VARCHAR(255), PRIMARY KEY (ID))
[EL Fine]: sql: 2015-04-10 14:56:28.464--ServerSession(12910338)--Connection(18640196)--CREATE TABLE EMPLOYEE_PROJECT (employees_ID BIGINT NOT NULL, projects_ID BIGINT NOT NULL, PRIMARY KEY (employees_ID, projects_ID))
[EL Fine]: sql: 2015-04-10 14:56:28.698--ServerSession(12910338)--Connection(18640196)--ALTER TABLE ESTUDIANTE3 ADD CONSTRAINT FK_ESTUDIANTE3_MATERIA FOREIGN KEY (MATERIA) REFERENCES MATERIA3 (IDMATERIA)
[EL Fine]: sql: 2015-04-10 14:56:29.261--ServerSession(12910338)--Connection(18640196)--ALTER TABLE ESTUDIANTE2 ADD CONSTRAINT FK_ESTUDIANTE2_MATERIA FOREIGN KEY (MATERIA) REFERENCES MATERIA2 (IDMATERIA)
[EL Fine]: sql: 2015-04-10 14:56:29.995--ServerSession(12910338)--Connection(18640196)--ALTER TABLE EMPLOYEE_PROJECT ADD CONSTRAINT FK_EMPLOYEE_PROJECT_employees_ID FOREIGN KEY (employees_ID) REFERENCES EMPLOYEE (ID)
[EL Fine]: sql: 2015-04-10 14:56:30.495--ServerSession(12910338)--Connection(18640196)--ALTER TABLE EMPLOYEE_PROJECT ADD CONSTRAINT FK_EMPLOYEE_PROJECT_projects_ID FOREIGN KEY (projects_ID) REFERENCES PROJECT (ID)
</system-out>
  </testcase>
</testsuite>